[ 2016-10-09T17:28:44+08:00 ]EXCEPTION: Method web\admin\controller\Commodity::__empty() does not exist
[ 2016-10-09T17:51:40+08:00 ]EXCEPTION: Method web\admin\controller\Commodity::__empty() does not exist
[ 2016-10-09T17:51:41+08:00 ]EXCEPTION: Method web\admin\controller\Commodity::__empty() does not exist
[ 2016-10-09T17:52:04+08:00 ]EXCEPTION: Method web\admin\controller\Commodity::__empty() does not exist
[ 2016-10-09T17:52:05+08:00 ]EXCEPTION: Method web\admin\controller\Commodity::__empty() does not exist
[ 2016-10-09T17:52:09+08:00 ]EXCEPTION: web\admin\controller\GoodList 不存在
[ 2016-10-09T17:52:40+08:00 ]EXCEPTION: web\admin\controller\GoodList 不存在
[ 2016-10-09T17:52:47+08:00 ]EXCEPTION: web\admin\controller\GoodList 不存在
[ 2016-10-09T17:52:50+08:00 ]EXCEPTION: web\admin\controller\GoodList 不存在
[ 2016-10-09T17:53:06+08:00 ]EXCEPTION: web\admin\controller\GoodList 不存在
[ 2016-10-09T17:53:37+08:00 ]EXCEPTION: show columns from goods_list ;BindParams:array (
)42S02;1146;La table 'vivo.goods_list' n'existe pas
[ 2016-10-09T17:53:59+08:00 ]EXCEPTION: show columns from goods_list ;BindParams:array (
)42S02;1146;La table 'vivo.goods_list' n'existe pas
[ 2016-10-09T17:54:41+08:00 ]EXCEPTION: 模板不存在:./web/admin/view/
[ 2016-10-09T17:54:42+08:00 ]EXCEPTION: 模板不存在:./web/admin/view/
[ 2016-10-09T17:54:43+08:00 ]EXCEPTION: 模板不存在:./web/admin/view/
[ 2016-10-09T17:54:43+08:00 ]EXCEPTION: 模板不存在:./web/admin/view/
[ 2016-10-09T17:54:43+08:00 ]EXCEPTION: 模板不存在:./web/admin/view/
[ 2016-10-09T17:54:44+08:00 ]EXCEPTION: 模板不存在:./web/admin/view/
[ 2016-10-09T17:54:44+08:00 ]EXCEPTION: 模板不存在:./web/admin/view/
[ 2016-10-09T17:54:44+08:00 ]EXCEPTION: 模板不存在:./web/admin/view/
[ 2016-10-09T17:55:13+08:00 ]EXCEPTION: 模板不存在:./web/admin/view/
[ 2016-10-09T17:55:14+08:00 ]EXCEPTION: 模板不存在:./web/admin/view/
[ 2016-10-09T17:55:17+08:00 ]EXCEPTION: 模板不存在:./web/admin/view/
[ 2016-10-09T17:55:18+08:00 ]EXCEPTION: 模板不存在:./web/admin/view/
[ 2016-10-09T17:55:18+08:00 ]EXCEPTION: 模板不存在:./web/admin/view/
[ 2016-10-09T17:55:18+08:00 ]EXCEPTION: 模板不存在:./web/admin/view/
[ 2016-10-09T17:55:19+08:00 ]EXCEPTION: 模板不存在:./web/admin/view/
[ 2016-10-09T17:55:19+08:00 ]EXCEPTION: 模板不存在:./web/admin/view/
[ 2016-10-09T17:55:19+08:00 ]EXCEPTION: 模板不存在:./web/admin/view/
[ 2016-10-09T17:55:19+08:00 ]EXCEPTION: 模板不存在:./web/admin/view/
[ 2016-10-09T17:56:18+08:00 ]EXCEPTION: 模板不存在:./web/admin/view/
[ 2016-10-09T17:56:18+08:00 ]EXCEPTION: 模板不存在:./web/admin/view/
[ 2016-10-09T17:56:19+08:00 ]EXCEPTION: 模板不存在:./web/admin/view/
[ 2016-10-09T17:56:19+08:00 ]EXCEPTION: 模板不存在:./web/admin/view/
[ 2016-10-09T17:56:19+08:00 ]EXCEPTION: 模板不存在:./web/admin/view/
[ 2016-10-09T20:16:06+08:00 ]EXCEPTION: show columns from goods_list ;BindParams:array (
)42S02;1146;La table 'vivo.goods_list' n'existe pas
[ 2016-10-09T20:16:45+08:00 ]EXCEPTION: show columns from goods_list ;BindParams:array (
)42S02;1146;La table 'vivo.goods_list' n'existe pas
[ 2016-10-09T20:17:45+08:00 ]EXCEPTION: show columns from goods_list ;BindParams:array (
)42S02;1146;La table 'vivo.goods_list' n'existe pas
[ 2016-10-09T20:17:56+08:00 ]EXCEPTION: show columns from goods_list ;BindParams:array (
)42S02;1146;La table 'vivo.goods_list' n'existe pas
[ 2016-10-09T20:17:57+08:00 ]EXCEPTION: show columns from goods_list ;BindParams:array (
)42S02;1146;La table 'vivo.goods_list' n'existe pas
[ 2016-10-09T20:18:08+08:00 ]EXCEPTION: show columns from goods_list ;BindParams:array (
)42S02;1146;La table 'vivo.goods_list' n'existe pas
[ 2016-10-09T20:18:08+08:00 ]EXCEPTION: show columns from goods_list ;BindParams:array (
)42S02;1146;La table 'vivo.goods_list' n'existe pas
[ 2016-10-09T20:18:08+08:00 ]EXCEPTION: show columns from goods_list ;BindParams:array (
)42S02;1146;La table 'vivo.goods_list' n'existe pas
[ 2016-10-09T20:18:09+08:00 ]EXCEPTION: show columns from goods_list ;BindParams:array (
)42S02;1146;La table 'vivo.goods_list' n'existe pas
[ 2016-10-09T20:18:09+08:00 ]EXCEPTION: show columns from goods_list ;BindParams:array (
)42S02;1146;La table 'vivo.goods_list' n'existe pas
[ 2016-10-09T20:18:09+08:00 ]EXCEPTION: show columns from goods_list ;BindParams:array (
)42S02;1146;La table 'vivo.goods_list' n'existe pas
[ 2016-10-09T20:18:17+08:00 ]EXCEPTION: show columns from goods_list ;BindParams:array (
)42S02;1146;La table 'vivo.goods_list' n'existe pas
[ 2016-10-09T21:37:54+08:00 ]EXCEPTION: DELETE FROM goods_lists  WHERE goods_list_id = ? ;BindParams:array (
  1 => '4',
)42S22;1054;Champ 'goods_list_id' inconnu dans where clause
[ 2016-10-09T21:38:00+08:00 ]EXCEPTION: DELETE FROM goods_lists  WHERE goods_list_id = ? ;BindParams:array (
  1 => '4',
)42S22;1054;Champ 'goods_list_id' inconnu dans where clause
