[ 2016-10-15T00:54:07+08:00 ]EXCEPTION: Method web\home\controller\Success::__empty() does not exist
[ 2016-10-15T17:01:11+08:00 ]EXCEPTION: Method web\home\controller\My::__empty() does not exist
[ 2016-10-15T17:01:24+08:00 ]EXCEPTION: Method web\home\controller\My::__empty() does not exist
[ 2016-10-15T17:10:05+08:00 ]EXCEPTION: Method web\home\controller\My::__empty() does not exist
[ 2016-10-15T17:34:05+08:00 ]EXCEPTION: Method web\home\controller\My::__empty() does not exist
[ 2016-10-15T17:34:08+08:00 ]EXCEPTION: Method web\home\controller\My::__empty() does not exist
[ 2016-10-15T17:34:43+08:00 ]EXCEPTION: Method web\home\controller\My::__empty() does not exist
[ 2016-10-15T17:34:45+08:00 ]EXCEPTION: Method web\home\controller\My::__empty() does not exist
[ 2016-10-15T20:41:12+08:00 ]EXCEPTION: UPDATE orderform SET `orderForm_id`=?,`orderForm_cancelTime`=?,`orderForm_cancelMethod`=? WHERE orderForm_id = ? ;BindParams:array (
  1 => 3,
  2 => 1476535272,
  3 => '用户手动取消订单',
  4 => '17',
)23000;1062;Duplicata du champ '3' pour la clef 'PRIMARY'
[ 2016-10-15T20:41:20+08:00 ]EXCEPTION: UPDATE orderform SET `orderForm_id`=?,`orderForm_cancelTime`=?,`orderForm_cancelMethod`=? WHERE orderForm_id = ? ;BindParams:array (
  1 => 3,
  2 => 1476535280,
  3 => '用户手动取消订单',
  4 => '17',
)23000;1062;Duplicata du champ '3' pour la clef 'PRIMARY'
[ 2016-10-15T21:27:13+08:00 ]EXCEPTION: Method web\home\controller\My::__empty() does not exist
[ 2016-10-15T21:27:59+08:00 ]EXCEPTION: Method web\home\controller\My::__empty() does not exist
