[ 2016-09-26T08:34:07+08:00 ]EXCEPTION: SQLSTATE[HY000] [1049] Base 'vivo' inconnue
[ 2016-09-26T10:42:19+08:00 ]EXCEPTION: Method web\admin\controller\Login::__empty() does not exist
[ 2016-09-26T10:45:09+08:00 ]EXCEPTION: 模板不存在:./web/admin/view/
[ 2016-09-26T12:32:00+08:00 ]EXCEPTION: INSERT INTO loginlog (`loginLog_address`,`loginLog_IP`,`loginLog_time`,`admin_user_admin_user_id`) VALUES(?,?,?,?) ;BindParams:array (
  1 => NULL,
  2 => '127.0.0.1',
  3 => 1474864320,
  4 => '1',
)23000;1048;Le champ 'loginLog_address' ne peut être vide (null)
[ 2016-09-26T18:27:34+08:00 ]EXCEPTION: UPDATE admin_user  WHERE admin_user_id = ? ;BindParams:array (
  1 => '1',
)42000;1064;Erreur de syntaxe près de 'WHERE admin_user_id = '1'' à la ligne 1
[ 2016-09-26T18:27:45+08:00 ]EXCEPTION: UPDATE admin_user  WHERE admin_user_id = ? ;BindParams:array (
  1 => '1',
)42000;1064;Erreur de syntaxe près de 'WHERE admin_user_id = '1'' à la ligne 1
[ 2016-09-26T18:28:52+08:00 ]EXCEPTION: UPDATE admin_user  WHERE admin_user_id = ? ;BindParams:array (
  1 => 1,
)42000;1064;Erreur de syntaxe près de 'WHERE admin_user_id = 1' à la ligne 1
[ 2016-09-26T18:29:14+08:00 ]EXCEPTION: UPDATE admin_user  WHERE admin_user_id = ? ;BindParams:array (
  1 => 1,
)42000;1064;Erreur de syntaxe près de 'WHERE admin_user_id = 1' à la ligne 1
