[ 2016-09-22T08:43:07+08:00 ]EXCEPTION: 模板不存在:./web/home/view/
[ 2016-09-22T08:43:42+08:00 ]EXCEPTION: 模板不存在:./web/home/view/
[ 2016-09-22T08:43:43+08:00 ]EXCEPTION: 模板不存在:./web/home/view/
[ 2016-09-22T08:43:44+08:00 ]EXCEPTION: 模板不存在:./web/home/view/
[ 2016-09-22T08:43:44+08:00 ]EXCEPTION: 模板不存在:./web/home/view/
[ 2016-09-22T08:43:44+08:00 ]EXCEPTION: 模板不存在:./web/home/view/
[ 2016-09-22T08:43:44+08:00 ]EXCEPTION: 模板不存在:./web/home/view/
[ 2016-09-22T08:43:44+08:00 ]EXCEPTION: 模板不存在:./web/home/view/
[ 2016-09-22T08:43:44+08:00 ]EXCEPTION: 模板不存在:./web/home/view/
[ 2016-09-22T08:43:45+08:00 ]EXCEPTION: 模板不存在:./web/home/view/
[ 2016-09-22T08:43:45+08:00 ]EXCEPTION: 模板不存在:./web/home/view/
[ 2016-09-22T08:44:06+08:00 ]EXCEPTION: 模板不存在:./web/home/view/
[ 2016-09-22T08:44:06+08:00 ]EXCEPTION: 模板不存在:./web/home/view/
[ 2016-09-22T08:44:07+08:00 ]EXCEPTION: 模板不存在:./web/home/view/
[ 2016-09-22T09:36:42+08:00 ]EXCEPTION: web\home\controller\Login 不存在
[ 2016-09-22T09:51:56+08:00 ]EXCEPTION: 模板不存在:./web/home/view/master.php
[ 2016-09-22T09:52:12+08:00 ]EXCEPTION: 模板不存在:./web/home/view/BigHome.php
[ 2016-09-22T09:53:02+08:00 ]EXCEPTION: 模板不存在:./web/home/view/./BigHome.php
[ 2016-09-22T09:53:07+08:00 ]EXCEPTION: 模板不存在:./web/home/view/BigHome.php
[ 2016-09-22T11:14:43+08:00 ]EXCEPTION: Method web\home\controller\My::__empty() does not exist
[ 2016-09-22T16:23:42+08:00 ]EXCEPTION: web\home\controller\Phone 不存在
